{"/home/joao/Fontes/dev-ops-chalenge/API/src/common.js": {"path":"/home/joao/Fontes/dev-ops-chalenge/API/src/common.js","all":false,"statementMap":{"0":{"start":{"line":1,"column":0},"end":{"line":1,"column":18}},"1":{"start":{"line":2,"column":0},"end":{"line":2,"column":39}},"2":{"start":{"line":3,"column":0},"end":{"line":3,"column":41}},"3":{"start":{"line":4,"column":0},"end":{"line":4,"column":5}},"4":{"start":{"line":5,"column":0},"end":{"line":5,"column":1}}},"s":{"0":1,"1":1,"2":5,"3":5,"4":1},"branchMap":{"0":{"type":"branch","line":2,"loc":{"start":{"line":2,"column":20},"end":{"line":4,"column":5}},"locations":[{"start":{"line":2,"column":20},"end":{"line":4,"column":5}}]}},"b":{"0":[5]},"fnMap":{"0":{"name":"validateNumber","decl":{"start":{"line":2,"column":20},"end":{"line":4,"column":5}},"loc":{"start":{"line":2,"column":20},"end":{"line":4,"column":5}},"line":2}},"f":{"0":5}}
,"/home/joao/Fontes/dev-ops-chalenge/API/src/div.js": {"path":"/home/joao/Fontes/dev-ops-chalenge/API/src/div.js","all":false,"statementMap":{"0":{"start":{"line":1,"column":0},"end":{"line":1,"column":36}},"1":{"start":{"line":2,"column":0},"end":{"line":2,"column":0}},"2":{"start":{"line":3,"column":0},"end":{"line":3,"column":20}},"3":{"start":{"line":4,"column":0},"end":{"line":4,"column":74}},"4":{"start":{"line":5,"column":0},"end":{"line":5,"column":17}},"5":{"start":{"line":6,"column":0},"end":{"line":6,"column":10}},"6":{"start":{"line":7,"column":0},"end":{"line":7,"column":12}},"7":{"start":{"line":8,"column":0},"end":{"line":8,"column":3}},"8":{"start":{"line":9,"column":0},"end":{"line":9,"column":1}},"9":{"start":{"line":10,"column":0},"end":{"line":10,"column":0}},"10":{"start":{"line":11,"column":0},"end":{"line":11,"column":21}}},"s":{"0":1,"1":1,"2":3,"3":3,"4":1,"5":3,"6":2,"7":2,"8":3,"9":1,"10":1},"branchMap":{"0":{"type":"branch","line":3,"loc":{"start":{"line":3,"column":0},"end":{"line":9,"column":1}},"locations":[{"start":{"line":3,"column":0},"end":{"line":9,"column":1}}]},"1":{"type":"branch","line":4,"loc":{"start":{"line":4,"column":6},"end":{"line":4,"column":44}},"locations":[{"start":{"line":4,"column":6},"end":{"line":4,"column":44}}]},"2":{"type":"branch","line":4,"loc":{"start":{"line":4,"column":6},"end":{"line":4,"column":73}},"locations":[{"start":{"line":4,"column":6},"end":{"line":4,"column":73}}]},"3":{"type":"branch","line":4,"loc":{"start":{"line":4,"column":73},"end":{"line":6,"column":9}},"locations":[{"start":{"line":4,"column":73},"end":{"line":6,"column":9}}]},"4":{"type":"branch","line":6,"loc":{"start":{"line":6,"column":3},"end":{"line":8,"column":3}},"locations":[{"start":{"line":6,"column":3},"end":{"line":8,"column":3}}]}},"b":{"0":[3],"1":[2],"2":[2],"3":[1],"4":[2]},"fnMap":{"0":{"name":"div","decl":{"start":{"line":3,"column":0},"end":{"line":9,"column":1}},"loc":{"start":{"line":3,"column":0},"end":{"line":9,"column":1}},"line":3}},"f":{"0":3}}
,"/home/joao/Fontes/dev-ops-chalenge/API/src/mul.js": {"path":"/home/joao/Fontes/dev-ops-chalenge/API/src/mul.js","all":false,"statementMap":{"0":{"start":{"line":1,"column":0},"end":{"line":1,"column":36}},"1":{"start":{"line":2,"column":0},"end":{"line":2,"column":0}},"2":{"start":{"line":3,"column":0},"end":{"line":3,"column":20}},"3":{"start":{"line":4,"column":0},"end":{"line":4,"column":65}},"4":{"start":{"line":5,"column":0},"end":{"line":5,"column":17}},"5":{"start":{"line":6,"column":0},"end":{"line":6,"column":10}},"6":{"start":{"line":7,"column":0},"end":{"line":7,"column":12}},"7":{"start":{"line":8,"column":0},"end":{"line":8,"column":3}},"8":{"start":{"line":9,"column":0},"end":{"line":9,"column":1}},"9":{"start":{"line":10,"column":0},"end":{"line":10,"column":0}},"10":{"start":{"line":11,"column":0},"end":{"line":11,"column":21}}},"s":{"0":1,"1":1,"2":2,"3":2,"4":1,"5":1,"6":1,"7":1,"8":2,"9":1,"10":1},"branchMap":{"0":{"type":"branch","line":3,"loc":{"start":{"line":3,"column":0},"end":{"line":9,"column":1}},"locations":[{"start":{"line":3,"column":0},"end":{"line":9,"column":1}}]},"1":{"type":"branch","line":4,"loc":{"start":{"line":4,"column":6},"end":{"line":4,"column":44}},"locations":[{"start":{"line":4,"column":6},"end":{"line":4,"column":44}}]},"2":{"type":"branch","line":4,"loc":{"start":{"line":4,"column":64},"end":{"line":8,"column":3}},"locations":[{"start":{"line":4,"column":64},"end":{"line":8,"column":3}}]}},"b":{"0":[2],"1":[1],"2":[1]},"fnMap":{"0":{"name":"mul","decl":{"start":{"line":3,"column":0},"end":{"line":9,"column":1}},"loc":{"start":{"line":3,"column":0},"end":{"line":9,"column":1}},"line":3}},"f":{"0":2}}
,"/home/joao/Fontes/dev-ops-chalenge/API/src/sub.js": {"path":"/home/joao/Fontes/dev-ops-chalenge/API/src/sub.js","all":false,"statementMap":{"0":{"start":{"line":1,"column":0},"end":{"line":1,"column":36}},"1":{"start":{"line":2,"column":0},"end":{"line":2,"column":0}},"2":{"start":{"line":3,"column":0},"end":{"line":3,"column":20}},"3":{"start":{"line":4,"column":0},"end":{"line":4,"column":67}},"4":{"start":{"line":5,"column":0},"end":{"line":5,"column":21}},"5":{"start":{"line":6,"column":0},"end":{"line":6,"column":12}},"6":{"start":{"line":7,"column":0},"end":{"line":7,"column":16}},"7":{"start":{"line":8,"column":0},"end":{"line":8,"column":5}},"8":{"start":{"line":9,"column":0},"end":{"line":9,"column":1}},"9":{"start":{"line":10,"column":0},"end":{"line":10,"column":0}},"10":{"start":{"line":11,"column":0},"end":{"line":11,"column":21}}},"s":{"0":1,"1":1,"2":2,"3":2,"4":1,"5":1,"6":1,"7":1,"8":2,"9":1,"10":1},"branchMap":{"0":{"type":"branch","line":3,"loc":{"start":{"line":3,"column":0},"end":{"line":9,"column":1}},"locations":[{"start":{"line":3,"column":0},"end":{"line":9,"column":1}}]},"1":{"type":"branch","line":4,"loc":{"start":{"line":4,"column":8},"end":{"line":4,"column":46}},"locations":[{"start":{"line":4,"column":8},"end":{"line":4,"column":46}}]},"2":{"type":"branch","line":4,"loc":{"start":{"line":4,"column":66},"end":{"line":8,"column":5}},"locations":[{"start":{"line":4,"column":66},"end":{"line":8,"column":5}}]}},"b":{"0":[2],"1":[1],"2":[1]},"fnMap":{"0":{"name":"sub","decl":{"start":{"line":3,"column":0},"end":{"line":9,"column":1}},"loc":{"start":{"line":3,"column":0},"end":{"line":9,"column":1}},"line":3}},"f":{"0":2}}
,"/home/joao/Fontes/dev-ops-chalenge/API/src/sum.js": {"path":"/home/joao/Fontes/dev-ops-chalenge/API/src/sum.js","all":false,"statementMap":{"0":{"start":{"line":1,"column":0},"end":{"line":1,"column":36}},"1":{"start":{"line":2,"column":0},"end":{"line":2,"column":0}},"2":{"start":{"line":3,"column":0},"end":{"line":3,"column":20}},"3":{"start":{"line":4,"column":0},"end":{"line":4,"column":65}},"4":{"start":{"line":5,"column":0},"end":{"line":5,"column":17}},"5":{"start":{"line":6,"column":0},"end":{"line":6,"column":10}},"6":{"start":{"line":7,"column":0},"end":{"line":7,"column":12}},"7":{"start":{"line":8,"column":0},"end":{"line":8,"column":3}},"8":{"start":{"line":9,"column":0},"end":{"line":9,"column":1}},"9":{"start":{"line":10,"column":0},"end":{"line":10,"column":0}},"10":{"start":{"line":11,"column":0},"end":{"line":11,"column":21}}},"s":{"0":1,"1":1,"2":3,"3":3,"4":1,"5":3,"6":2,"7":2,"8":3,"9":1,"10":1},"branchMap":{"0":{"type":"branch","line":3,"loc":{"start":{"line":3,"column":0},"end":{"line":9,"column":1}},"locations":[{"start":{"line":3,"column":0},"end":{"line":9,"column":1}}]},"1":{"type":"branch","line":4,"loc":{"start":{"line":4,"column":6},"end":{"line":4,"column":44}},"locations":[{"start":{"line":4,"column":6},"end":{"line":4,"column":44}}]},"2":{"type":"branch","line":4,"loc":{"start":{"line":4,"column":64},"end":{"line":6,"column":9}},"locations":[{"start":{"line":4,"column":64},"end":{"line":6,"column":9}}]},"3":{"type":"branch","line":6,"loc":{"start":{"line":6,"column":3},"end":{"line":8,"column":3}},"locations":[{"start":{"line":6,"column":3},"end":{"line":8,"column":3}}]}},"b":{"0":[3],"1":[1],"2":[1],"3":[2]},"fnMap":{"0":{"name":"sum","decl":{"start":{"line":3,"column":0},"end":{"line":9,"column":1}},"loc":{"start":{"line":3,"column":0},"end":{"line":9,"column":1}},"line":3}},"f":{"0":3}}
}
