TN:
SF:src/common.js
FN:2,validateNumber
FNF:1
FNH:1
FNDA:9,validateNumber
DA:1,1
DA:2,1
DA:3,9
DA:4,1
DA:5,1
DA:6,8
DA:7,8
DA:8,8
DA:9,8
DA:10,1
LF:10
LH:10
BRDA:2,0,0,9
BRDA:3,1,0,1
BRDA:6,2,0,8
BRF:3
BRH:3
end_of_record
TN:
SF:src/div.js
FN:3,div
FNF:1
FNH:1
FNDA:3,div
DA:1,1
DA:2,1
DA:3,3
DA:4,3
DA:5,1
DA:6,1
DA:7,1
DA:8,1
DA:9,3
DA:10,2
DA:11,2
DA:12,2
DA:13,2
DA:14,3
DA:15,1
DA:16,1
LF:16
LH:16
BRDA:3,0,0,3
BRDA:4,1,0,2
BRDA:4,2,0,2
BRDA:4,3,0,1
BRDA:9,4,0,2
BRF:5
BRH:5
end_of_record
TN:
SF:src/mul.js
FN:3,mul
FNF:1
FNH:1
FNDA:2,mul
DA:1,1
DA:2,1
DA:3,2
DA:4,2
DA:5,1
DA:6,1
DA:7,1
DA:8,1
DA:9,1
DA:10,1
DA:11,1
DA:12,1
DA:13,2
DA:14,1
DA:15,1
LF:15
LH:15
BRDA:3,0,0,2
BRDA:4,1,0,1
BRDA:4,2,0,1
BRF:3
BRH:3
end_of_record
TN:
SF:src/sub.js
FN:3,sub
FNF:1
FNH:1
FNDA:5,sub
DA:1,1
DA:2,1
DA:3,5
DA:4,5
DA:5,3
DA:6,3
DA:7,3
DA:8,5
DA:9,2
DA:10,2
DA:11,2
DA:12,2
DA:13,5
DA:14,1
DA:15,1
LF:15
LH:15
BRDA:3,0,0,5
BRDA:4,1,0,4
BRDA:4,2,0,3
BRDA:8,3,0,2
BRF:4
BRH:4
end_of_record
TN:
SF:src/sum.js
FN:3,sum
FNF:1
FNH:1
FNDA:3,sum
DA:1,1
DA:2,1
DA:3,3
DA:4,3
DA:5,1
DA:6,1
DA:7,1
DA:8,1
DA:9,3
DA:10,2
DA:11,2
DA:12,2
DA:13,2
DA:14,3
DA:15,1
DA:16,1
LF:16
LH:16
BRDA:3,0,0,3
BRDA:4,1,0,1
BRDA:4,2,0,1
BRDA:9,3,0,2
BRF:4
BRH:4
end_of_record
