TN:
SF:src/common.js
FN:2,validateNumber
FNF:1
FNH:1
FNDA:5,validateNumber
DA:1,1
DA:2,1
DA:3,5
DA:4,5
DA:5,1
LF:5
LH:5
BRDA:2,0,0,5
BRF:1
BRH:1
end_of_record
TN:
SF:src/div.js
FN:3,div
FNF:1
FNH:1
FNDA:3,div
DA:1,1
DA:2,1
DA:3,3
DA:4,3
DA:5,1
DA:6,3
DA:7,2
DA:8,2
DA:9,3
DA:10,1
DA:11,1
LF:11
LH:11
BRDA:3,0,0,3
BRDA:4,1,0,2
BRDA:4,2,0,2
BRDA:4,3,0,1
BRDA:6,4,0,2
BRF:5
BRH:5
end_of_record
TN:
SF:src/mul.js
FN:3,mul
FNF:1
FNH:1
FNDA:2,mul
DA:1,1
DA:2,1
DA:3,2
DA:4,2
DA:5,1
DA:6,1
DA:7,1
DA:8,1
DA:9,2
DA:10,1
DA:11,1
LF:11
LH:11
BRDA:3,0,0,2
BRDA:4,1,0,1
BRDA:4,2,0,1
BRF:3
BRH:3
end_of_record
TN:
SF:src/sub.js
FN:3,sub
FNF:1
FNH:1
FNDA:2,sub
DA:1,1
DA:2,1
DA:3,2
DA:4,2
DA:5,1
DA:6,1
DA:7,1
DA:8,1
DA:9,2
DA:10,1
DA:11,1
LF:11
LH:11
BRDA:3,0,0,2
BRDA:4,1,0,1
BRDA:4,2,0,1
BRF:3
BRH:3
end_of_record
TN:
SF:src/sum.js
FN:3,sum
FNF:1
FNH:1
FNDA:3,sum
DA:1,1
DA:2,1
DA:3,3
DA:4,3
DA:5,1
DA:6,3
DA:7,2
DA:8,2
DA:9,3
DA:10,1
DA:11,1
LF:11
LH:11
BRDA:3,0,0,3
BRDA:4,1,0,1
BRDA:4,2,0,1
BRDA:6,3,0,2
BRF:4
BRH:4
end_of_record
